Case 1:

3 1 2
4   5
6 7 8

3 1 2
  4 5
6 7 8

  1 2
3 4 5
6 7 8

Num of steps: 2
Num of expanded: 2
Num of generated: 6
Time consumed: 0

Case 2:

1 2 3
4 5 6
7 8  

1 2 3
4 5 6
7   8

1 2 3
4   6
7 5 8

1 2 3
4 6  
7 5 8

1 2  
4 6 3
7 5 8

1   2
4 6 3
7 5 8

  1 2
4 6 3
7 5 8

4 1 2
  6 3
7 5 8

4 1 2
6   3
7 5 8

4 1 2
6 3  
7 5 8

4 1  
6 3 2
7 5 8

4   1
6 3 2
7 5 8

4 3 1
6   2
7 5 8

4 3 1
6 5 2
7   8

4 3 1
6 5 2
  7 8

4 3 1
  5 2
6 7 8

  3 1
4 5 2
6 7 8

3   1
4 5 2
6 7 8

3 1  
4 5 2
6 7 8

3 1 2
4 5  
6 7 8

3 1 2
4   5
6 7 8

3 1 2
  4 5
6 7 8

  1 2
3 4 5
6 7 8

Num of steps: 22
Num of expanded: 1104
Num of generated: 1742
Time consumed: 6

Total time consumed: 7
